<?xml version="1.0" encoding="UTF-8"?>
<testng-results skipped="0" failed="1" ignored="4" total="7" passed="2">
  <reporter-output>
  </reporter-output>
  <suite name="All Test Suite" duration-ms="59561" started-at="2022-10-08T20:21:45 CST" finished-at="2022-10-08T20:22:45 CST">
    <groups>
    </groups>
    <test name="测试第三方账号登陆" duration-ms="34116" started-at="2022-10-08T20:21:45 CST" finished-at="2022-10-08T20:22:19 CST">
      <class name="com.mingliu.login.LoginTest">
        <test-method status="PASS" signature="setUp(java.lang.String,java.lang.String,java.lang.String,java.lang.String,java.lang.String)[pri:0, instance:com.mingliu.login.LoginTest@4690b489]" name="setUp" is-config="true" duration-ms="10174" started-at="2022-10-08T20:21:45 CST" finished-at="2022-10-08T20:21:55 CST">
          <params>
            <param index="0">
              <value>
                <![CDATA[Android]]>
              </value>
            </param>
            <param index="1">
              <value>
                <![CDATA[12]]>
              </value>
            </param>
            <param index="2">
              <value>
                <![CDATA[5f60f50e]]>
              </value>
            </param>
            <param index="3">
              <value>
                <![CDATA[com.netease.cloudmusic]]>
              </value>
            </param>
            <param index="4">
              <value>
                <![CDATA[.activity.LoadingActivity]]>
              </value>
            </param>
          </params>
          <reporter-output>
          </reporter-output>
        </test-method> <!-- setUp -->
        <test-method status="PASS" signature="init()[pri:0, instance:com.mingliu.login.LoginTest@4690b489]" name="init" is-config="true" duration-ms="171" started-at="2022-10-08T20:21:55 CST" finished-at="2022-10-08T20:21:56 CST">
          <reporter-output>
          </reporter-output>
        </test-method> <!-- init -->
        <test-method status="FAIL" signature="thirdPartLoginTest()[pri:0, instance:com.mingliu.login.LoginTest@4690b489]" name="thirdPartLoginTest" duration-ms="23245" started-at="2022-10-08T20:21:56 CST" finished-at="2022-10-08T20:22:19 CST">
          <exception class="org.openqa.selenium.NoSuchElementException">
            <message>
              <![CDATA[An element could not be located on the page using the given search parameters.
For documentation on this error, please visit: https://selenium.dev/exceptions/#no_such_element
Build info: version: '4.5.0', revision: 'fe167b119a'
System info: os.name: 'Mac OS X', os.arch: 'x86_64', os.version: '10.15.7', java.version: '1.8.0_341'
Driver info: io.appium.java_client.android.AndroidDriver
Command: [919520b2-e4f7-4b53-a091-0331c87c55da, findElement {using=id, value=com.netease.cloudmusic:id/searchBar}]
Capabilities {appium:appActivity: .activity.LoadingActivity, appium:appPackage: com.netease.cloudmusic, appium:autoGrantPermissions: true, appium:connectHardwareKeyboard: true, appium:databaseEnabled: false, appium:desired: {appActivity: .activity.LoadingActivity, appPackage: com.netease.cloudmusic, autoGrantPermissions: true, connectHardwareKeyboard: true, ensureWebviewsHavePages: true, nativeWebScreenshot: true, newCommandTimeout: 3600, platformName: android, platformVersion: 12, udid: 5f60f50e}, appium:deviceApiLevel: 31, appium:deviceManufacturer: Xiaomi, appium:deviceModel: M2007J17C, appium:deviceName: 5f60f50e, appium:deviceScreenDensity: 440, appium:deviceScreenSize: 1080x2400, appium:deviceUDID: 5f60f50e, appium:ensureWebviewsHavePages: true, appium:javascriptEnabled: true, appium:locationContextEnabled: false, appium:nativeWebScreenshot: true, appium:networkConnectionEnabled: true, appium:newCommandTimeout: 3600, appium:pixelRatio: 2.75, appium:platformVersion: 12, appium:statBarHeight: 91, appium:takesScreenshot: true, appium:udid: 5f60f50e, appium:viewportRect: {height: 2174, left: 0, top: 91, width: 1080}, appium:warnings: {}, appium:webStorageEnabled: false, platformName: ANDROID}
Session ID: 919520b2-e4f7-4b53-a091-0331c87c55da]]>
            </message>
            <full-stacktrace>
              <![CDATA[org.openqa.selenium.NoSuchElementException: An element could not be located on the page using the given search parameters.
For documentation on this error, please visit: https://selenium.dev/exceptions/#no_such_element
Build info: version: '4.5.0', revision: 'fe167b119a'
System info: os.name: 'Mac OS X', os.arch: 'x86_64', os.version: '10.15.7', java.version: '1.8.0_341'
Driver info: io.appium.java_client.android.AndroidDriver
Command: [919520b2-e4f7-4b53-a091-0331c87c55da, findElement {using=id, value=com.netease.cloudmusic:id/searchBar}]
Capabilities {appium:appActivity: .activity.LoadingActivity, appium:appPackage: com.netease.cloudmusic, appium:autoGrantPermissions: true, appium:connectHardwareKeyboard: true, appium:databaseEnabled: false, appium:desired: {appActivity: .activity.LoadingActivity, appPackage: com.netease.cloudmusic, autoGrantPermissions: true, connectHardwareKeyboard: true, ensureWebviewsHavePages: true, nativeWebScreenshot: true, newCommandTimeout: 3600, platformName: android, platformVersion: 12, udid: 5f60f50e}, appium:deviceApiLevel: 31, appium:deviceManufacturer: Xiaomi, appium:deviceModel: M2007J17C, appium:deviceName: 5f60f50e, appium:deviceScreenDensity: 440, appium:deviceScreenSize: 1080x2400, appium:deviceUDID: 5f60f50e, appium:ensureWebviewsHavePages: true, appium:javascriptEnabled: true, appium:locationContextEnabled: false, appium:nativeWebScreenshot: true, appium:networkConnectionEnabled: true, appium:newCommandTimeout: 3600, appium:pixelRatio: 2.75, appium:platformVersion: 12, appium:statBarHeight: 91, appium:takesScreenshot: true, appium:udid: 5f60f50e, appium:viewportRect: {height: 2174, left: 0, top: 91, width: 1080}, appium:warnings: {}, appium:webStorageEnabled: false, platformName: ANDROID}
Session ID: 919520b2-e4f7-4b53-a091-0331c87c55da
at sun.reflect.NativeConstructorAccessorImpl.newInstance0(Native Method)
at sun.reflect.NativeConstructorAccessorImpl.newInstance(NativeConstructorAccessorImpl.java:62)
at sun.reflect.DelegatingConstructorAccessorImpl.newInstance(DelegatingConstructorAccessorImpl.java:45)
at java.lang.reflect.Constructor.newInstance(Constructor.java:423)
at org.openqa.selenium.remote.codec.w3c.W3CHttpResponseCodec.createException(W3CHttpResponseCodec.java:200)
at org.openqa.selenium.remote.codec.w3c.W3CHttpResponseCodec.decode(W3CHttpResponseCodec.java:133)
at org.openqa.selenium.remote.codec.w3c.W3CHttpResponseCodec.decode(W3CHttpResponseCodec.java:53)
at org.openqa.selenium.remote.HttpCommandExecutor.execute(HttpCommandExecutor.java:184)
at io.appium.java_client.remote.AppiumCommandExecutor.execute(AppiumCommandExecutor.java:189)
at org.openqa.selenium.remote.RemoteWebDriver.execute(RemoteWebDriver.java:547)
at org.openqa.selenium.remote.ElementLocation$ElementFinder$2.findElement(ElementLocation.java:162)
at org.openqa.selenium.remote.ElementLocation.findElement(ElementLocation.java:66)
at org.openqa.selenium.remote.RemoteWebDriver.findElement(RemoteWebDriver.java:365)
at org.openqa.selenium.remote.RemoteWebDriver.findElement(RemoteWebDriver.java:357)
at com.mingliu.login.LoginTest.thirdPartLoginTest(LoginTest.java:63)
at sun.reflect.NativeMethodAccessorImpl.invoke0(Native Method)
at sun.reflect.NativeMethodAccessorImpl.invoke(NativeMethodAccessorImpl.java:62)
at sun.reflect.DelegatingMethodAccessorImpl.invoke(DelegatingMethodAccessorImpl.java:43)
at java.lang.reflect.Method.invoke(Method.java:498)
at org.testng.internal.MethodInvocationHelper.invokeMethod(MethodInvocationHelper.java:133)
at org.testng.internal.MethodInvocationHelper$1.runTestMethod(MethodInvocationHelper.java:239)
at com.mingliu.listeners.TestResultListener.run(TestResultListener.java:29)
at org.testng.internal.MethodInvocationHelper.invokeHookable(MethodInvocationHelper.java:253)
at org.testng.internal.TestInvoker.invokeMethod(TestInvoker.java:594)
at org.testng.internal.TestInvoker.invokeTestMethod(TestInvoker.java:173)
at org.testng.internal.MethodRunner.runInSequence(MethodRunner.java:46)
at org.testng.internal.TestInvoker$MethodInvocationAgent.invoke(TestInvoker.java:824)
at org.testng.internal.TestInvoker.invokeTestMethods(TestInvoker.java:146)
at org.testng.internal.TestMethodWorker.invokeTestMethods(TestMethodWorker.java:146)
at org.testng.internal.TestMethodWorker.run(TestMethodWorker.java:128)
at java.util.ArrayList.forEach(ArrayList.java:1259)
at org.testng.TestRunner.privateRun(TestRunner.java:794)
at org.testng.TestRunner.run(TestRunner.java:596)
at org.testng.SuiteRunner.runTest(SuiteRunner.java:377)
at org.testng.SuiteRunner.runSequentially(SuiteRunner.java:371)
at org.testng.SuiteRunner.privateRun(SuiteRunner.java:332)
at org.testng.SuiteRunner.run(SuiteRunner.java:276)
at org.testng.SuiteRunnerWorker.runSuite(SuiteRunnerWorker.java:53)
at org.testng.SuiteRunnerWorker.run(SuiteRunnerWorker.java:96)
at org.testng.TestNG.runSuitesSequentially(TestNG.java:1212)
at org.testng.TestNG.runSuitesLocally(TestNG.java:1134)
at org.testng.TestNG.runSuites(TestNG.java:1063)
at org.testng.TestNG.run(TestNG.java:1031)
at org.apache.maven.surefire.testng.TestNGExecutor.run(TestNGExecutor.java:283)
at org.apache.maven.surefire.testng.TestNGXmlTestSuite.execute(TestNGXmlTestSuite.java:75)
at org.apache.maven.surefire.testng.TestNGProvider.invoke(TestNGProvider.java:120)
at org.apache.maven.surefire.booter.ForkedBooter.invokeProviderInSameClassLoader(ForkedBooter.java:384)
at org.apache.maven.surefire.booter.ForkedBooter.runSuitesInProcess(ForkedBooter.java:345)
at org.apache.maven.surefire.booter.ForkedBooter.execute(ForkedBooter.java:126)
at org.apache.maven.surefire.booter.ForkedBooter.main(ForkedBooter.java:418)
]]>
            </full-stacktrace>
          </exception> <!-- org.openqa.selenium.NoSuchElementException -->
          <reporter-output>
          </reporter-output>
        </test-method> <!-- thirdPartLoginTest -->
        <test-method status="PASS" signature="tearDown()[pri:0, instance:com.mingliu.login.LoginTest@4690b489]" name="tearDown" is-config="true" duration-ms="403" started-at="2022-10-08T20:22:19 CST" finished-at="2022-10-08T20:22:19 CST">
          <reporter-output>
          </reporter-output>
        </test-method> <!-- tearDown -->
      </class> <!-- com.mingliu.login.LoginTest -->
    </test> <!-- 测试第三方账号登陆 -->
    <test name="测试游客身份登陆，并搜索歌曲" duration-ms="25410" started-at="2022-10-08T20:22:19 CST" finished-at="2022-10-08T20:22:45 CST">
      <class name="com.mingliu.login.LoginTest">
        <test-method status="PASS" signature="setUp(java.lang.String,java.lang.String,java.lang.String,java.lang.String,java.lang.String)[pri:0, instance:com.mingliu.login.LoginTest@6e4784bc]" name="setUp" is-config="true" duration-ms="7288" started-at="2022-10-08T20:22:19 CST" finished-at="2022-10-08T20:22:27 CST">
          <params>
            <param index="0">
              <value>
                <![CDATA[Android]]>
              </value>
            </param>
            <param index="1">
              <value>
                <![CDATA[12]]>
              </value>
            </param>
            <param index="2">
              <value>
                <![CDATA[5f60f50e]]>
              </value>
            </param>
            <param index="3">
              <value>
                <![CDATA[com.netease.cloudmusic]]>
              </value>
            </param>
            <param index="4">
              <value>
                <![CDATA[.activity.LoadingActivity]]>
              </value>
            </param>
          </params>
          <reporter-output>
          </reporter-output>
        </test-method> <!-- setUp -->
        <test-method status="PASS" signature="init()[pri:0, instance:com.mingliu.login.LoginTest@6e4784bc]" name="init" is-config="true" duration-ms="9" started-at="2022-10-08T20:22:27 CST" finished-at="2022-10-08T20:22:27 CST">
          <reporter-output>
          </reporter-output>
        </test-method> <!-- init -->
        <test-method status="PASS" signature="guestLoginTest()[pri:0, instance:com.mingliu.login.LoginTest@6e4784bc]" name="guestLoginTest" duration-ms="9774" started-at="2022-10-08T20:22:27 CST" finished-at="2022-10-08T20:22:36 CST">
          <reporter-output>
          </reporter-output>
        </test-method> <!-- guestLoginTest -->
        <test-method status="PASS" signature="tearDown()[pri:0, instance:com.mingliu.login.LoginTest@6e4784bc]" name="tearDown" is-config="true" duration-ms="400" started-at="2022-10-08T20:22:44 CST" finished-at="2022-10-08T20:22:45 CST">
          <reporter-output>
          </reporter-output>
        </test-method> <!-- tearDown -->
      </class> <!-- com.mingliu.login.LoginTest -->
      <class name="com.mingliu.search.SearchTest">
        <test-method status="PASS" signature="init()[pri:0, instance:com.mingliu.search.SearchTest@34b7ac2f]" name="init" is-config="true" duration-ms="7" started-at="2022-10-08T20:22:36 CST" finished-at="2022-10-08T20:22:36 CST">
          <reporter-output>
          </reporter-output>
        </test-method> <!-- init -->
        <test-method status="PASS" signature="searchSong(java.lang.String)[pri:0, instance:com.mingliu.search.SearchTest@34b7ac2f]" name="searchSong" duration-ms="7921" started-at="2022-10-08T20:22:36 CST" finished-at="2022-10-08T20:22:44 CST">
          <params>
            <param index="0">
              <value>
                <![CDATA[贝加尔湖畔]]>
              </value>
            </param>
          </params>
          <reporter-output>
          </reporter-output>
        </test-method> <!-- searchSong -->
      </class> <!-- com.mingliu.search.SearchTest -->
    </test> <!-- 测试游客身份登陆，并搜索歌曲 -->
  </suite> <!-- All Test Suite -->
</testng-results>
