<?xml version="1.0" encoding="UTF-8"?>
<!-- Generated by org.testng.reporters.JUnitXMLReporter -->
<testsuite hostname="192.168.0.102" ignored="3" name="测试游客身份登陆，并搜索歌曲" tests="2" failures="0" timestamp="2022-10-08T20:22:45 CST" time="25.41" errors="0">
  <testcase name="guestLoginTest" time="9.774" classname="com.mingliu.login.LoginTest"/>
  <testcase name="searchSong" time="7.921" classname="com.mingliu.search.SearchTest"/>
  <testcase name="@AfterTest tearDown" time="0.0" classname="com.mingliu.base.BaseTest">
    <ignored/>
  </testcase> <!-- @AfterTest tearDown -->
  <testcase name="@BeforeTest setUp" time="0.0" classname="com.mingliu.base.BaseTest">
    <ignored/>
  </testcase> <!-- @BeforeTest setUp -->
  <testcase name="thirdPartLoginTest" time="0.0" classname="com.mingliu.login.LoginTest">
    <ignored/>
  </testcase> <!-- thirdPartLoginTest -->
</testsuite> <!-- 测试游客身份登陆，并搜索歌曲 -->
