<?xml version="1.0" encoding="UTF-8"?>
<!-- Generated by org.testng.reporters.JUnitXMLReporter -->
<testsuite hostname="192.168.0.102" ignored="2" name="测试游客身份登陆，并搜索歌曲" tests="2" failures="0" timestamp="2022-10-09T10:01:17 CST" time="26.355" errors="0">
  <testcase name="guestLoginTest" time="10.555" classname="com.mingliu.login.GuestLoginTest"/>
  <testcase name="searchSong" time="8.033" classname="com.mingliu.search.SearchTest"/>
  <testcase name="@AfterTest tearDown" time="0.0" classname="com.mingliu.base.BaseTest">
    <ignored/>
  </testcase> <!-- @AfterTest tearDown -->
  <testcase name="@BeforeTest setUp" time="0.0" classname="com.mingliu.base.BaseTest">
    <ignored/>
  </testcase> <!-- @BeforeTest setUp -->
</testsuite> <!-- 测试游客身份登陆，并搜索歌曲 -->
